0 info it worked if it ends with ok
1 verbose cli [ '/usr/local/Cellar/node/4.2.1/bin/node',
1 verbose cli   '/usr/local/bin/npm',
1 verbose cli   'publish' ]
2 info using npm@2.14.7
3 info using node@v4.2.1
4 verbose publish [ '.' ]
5 silly cache add args [ '.', null ]
6 verbose cache add spec .
7 silly cache add parsed spec Result {
7 silly cache add   raw: '.',
7 silly cache add   scope: null,
7 silly cache add   name: null,
7 silly cache add   rawSpec: '.',
7 silly cache add   spec: '/Users/saiph/Documents/playground/s3-spa-redirect-fix',
7 silly cache add   type: 'directory' }
8 verbose addLocalDirectory /Users/saiph/.npm/S3SPARedirectFix/1.0.0/package.tgz not in flight; packing
9 verbose tar pack [ '/Users/saiph/.npm/S3SPARedirectFix/1.0.0/package.tgz',
9 verbose tar pack   '/Users/saiph/Documents/playground/s3-spa-redirect-fix' ]
10 verbose tarball /Users/saiph/.npm/S3SPARedirectFix/1.0.0/package.tgz
11 verbose folder /Users/saiph/Documents/playground/s3-spa-redirect-fix
12 info prepublish S3SPARedirectFix@1.0.0
13 verbose addLocalTarball adding from inside cache /Users/saiph/.npm/S3SPARedirectFix/1.0.0/package.tgz
14 silly cache afterAdd S3SPARedirectFix@1.0.0
15 verbose afterAdd /Users/saiph/.npm/S3SPARedirectFix/1.0.0/package/package.json not in flight; writing
16 verbose afterAdd /Users/saiph/.npm/S3SPARedirectFix/1.0.0/package/package.json written
17 silly publish { name: 'S3SPARedirectFix',
17 silly publish   version: '1.0.0',
17 silly publish   description: 's3-spa-redirect-fix =======================',
17 silly publish   main: 'dist/S3SPARedirectFix.min.js',
17 silly publish   scripts: { build: 'gulp build' },
17 silly publish   author: { name: 'Christian' },
17 silly publish   license: 'none',
17 silly publish   devDependencies:
17 silly publish    { browserify: '^12.0.1',
17 silly publish      gulp: '^3.9.0',
17 silly publish      'gulp-rename': '^1.2.2',
17 silly publish      'gulp-uglify': '^1.4.2',
17 silly publish      'gulp-umd': '^0.2.0',
17 silly publish      'vinyl-buffer': '^1.0.0',
17 silly publish      'vinyl-source-stream': '^1.1.0' },
17 silly publish   readme: 's3-spa-redirect-fix\n=======================\n\n```\nnpm install --save s3-spa-redirect-fix\n```\n\n# usage\n\n```\nvar redirectFix = require(\'s3-spa-redirect-fix\')\nredirectFix(\'Page Title\')\n```\n\n# reference\n\n[StackOverflow thread](http://stackoverflow.com/questions/16267339/s3-static-website-hosting-route-all-paths-to-index-html)\n\n# UMD\n\nThis is an [UMD](https://github.com/umdjs/umd) package.\n\n# License\n\nDo whatever you please with this.\n',
17 silly publish   readmeFilename: 'README.md',
17 silly publish   gitHead: '9e0b98a1a16197aba20a68757348d4ea8bc7edc2',
17 silly publish   _id: 'S3SPARedirectFix@1.0.0',
17 silly publish   _shasum: '5a4a3cc8bf2ac0ee399e87f57942d97fd7d22cd4',
17 silly publish   _from: '.' }
18 verbose getPublishConfig undefined
19 silly mapToRegistry name S3SPARedirectFix
20 silly mapToRegistry using default registry
21 silly mapToRegistry registry https://registry.npmjs.org/
22 silly mapToRegistry uri https://registry.npmjs.org/S3SPARedirectFix
23 verbose publish registryBase https://registry.npmjs.org/
24 silly publish uploading /Users/saiph/.npm/S3SPARedirectFix/1.0.0/package.tgz
25 verbose request uri https://registry.npmjs.org/S3SPARedirectFix
26 verbose request sending authorization for write operation
27 info attempt registry request try #1 at 10:58:49 AM
28 verbose request using bearer token for auth
29 verbose request id 131e2da7c88aa7a9
30 http request PUT https://registry.npmjs.org/S3SPARedirectFix
31 http 400 https://registry.npmjs.org/S3SPARedirectFix
32 verbose headers { 'content-type': 'application/json',
32 verbose headers   'cache-control': 'max-age=60',
32 verbose headers   'content-length': '54',
32 verbose headers   'accept-ranges': 'bytes',
32 verbose headers   date: 'Wed, 04 Nov 2015 09:58:49 GMT',
32 verbose headers   via: '1.1 varnish',
32 verbose headers   connection: 'keep-alive',
32 verbose headers   'x-served-by': 'cache-ams4121-AMS',
32 verbose headers   'x-cache': 'MISS',
32 verbose headers   'x-cache-hits': '0',
32 verbose headers   'x-timer': 'S1446631128.156951,VS0,VE1333' }
33 verbose request invalidating /Users/saiph/.npm/registry.npmjs.org/S3SPARedirectFix on PUT
34 error publish Failed PUT 400
35 verbose stack Error: name can no longer contain capital letters : S3SPARedirectFix
35 verbose stack     at makeError (/usr/local/lib/node_modules/npm/node_modules/npm-registry-client/lib/request.js:264:12)
35 verbose stack     at CachingRegistryClient.<anonymous> (/usr/local/lib/node_modules/npm/node_modules/npm-registry-client/lib/request.js:252:14)
35 verbose stack     at Request._callback (/usr/local/lib/node_modules/npm/node_modules/npm-registry-client/lib/request.js:172:14)
35 verbose stack     at Request.self.callback (/usr/local/lib/node_modules/npm/node_modules/request/request.js:198:22)
35 verbose stack     at emitTwo (events.js:87:13)
35 verbose stack     at Request.emit (events.js:172:7)
35 verbose stack     at Request.<anonymous> (/usr/local/lib/node_modules/npm/node_modules/request/request.js:1063:14)
35 verbose stack     at emitOne (events.js:82:20)
35 verbose stack     at Request.emit (events.js:169:7)
35 verbose stack     at IncomingMessage.<anonymous> (/usr/local/lib/node_modules/npm/node_modules/request/request.js:1009:12)
36 verbose statusCode 400
37 verbose pkgid S3SPARedirectFix
38 verbose cwd /Users/saiph/Documents/playground/s3-spa-redirect-fix
39 error Darwin 14.5.0
40 error argv "/usr/local/Cellar/node/4.2.1/bin/node" "/usr/local/bin/npm" "publish"
41 error node v4.2.1
42 error npm  v2.14.7
43 error code E400
44 error name can no longer contain capital letters : S3SPARedirectFix
45 error If you need help, you may report this error at:
45 error     <https://github.com/npm/npm/issues>
46 verbose exit [ 1, true ]
